<?xml version="1.0" encoding="UTF-8"?>
<testsuite name="com.team581.controller.ControllerHelpersTest" tests="4" skipped="0" failures="0" errors="0" timestamp="2025-11-12T00:32:06.781Z" hostname="jonah-mbp-sanity" time="0.015">
  <properties/>
  <testcase name="joystickMagnitudeDeadbandPositiveTest()" classname="com.team581.controller.ControllerHelpersTest" time="0.011"/>
  <testcase name="joystickMagnitudeDeadbandNegativeTest()" classname="com.team581.controller.ControllerHelpersTest" time="0.002"/>
  <testcase name="joystickMagnitudeUpperDeadbandPositiveTest()" classname="com.team581.controller.ControllerHelpersTest" time="0.0"/>
  <testcase name="joystickMagnitudeAllZeroTest()" classname="com.team581.controller.ControllerHelpersTest" time="0.001"/>
  <system-out><![CDATA[]]></system-out>
  <system-err><![CDATA[]]></system-err>
</testsuite>
