<?xml version="1.0" encoding="UTF-8"?>
<testsuite name="com.team581.math.MathHelpersTest" tests="5" skipped="0" failures="0" errors="0" timestamp="2025-11-12T00:32:06.797Z" hostname="jonah-mbp-sanity" time="0.006">
  <properties/>
  <testcase name="roundToTest()" classname="com.team581.math.MathHelpersTest" time="0.003"/>
  <testcase name="pathflipTest()" classname="com.team581.math.MathHelpersTest" time="0.002"/>
  <testcase name="interpolateChassisSpeedsTest()" classname="com.team581.math.MathHelpersTest" time="0.0"/>
  <testcase name="signedExpTest()" classname="com.team581.math.MathHelpersTest" time="0.0"/>
  <testcase name="signedSqrtTest()" classname="com.team581.math.MathHelpersTest" time="0.0"/>
  <system-out><![CDATA[]]></system-out>
  <system-err><![CDATA[]]></system-err>
</testsuite>
